0 info it worked if it ends with ok
1 verbose cli [ '/usr/local/bin/node',
1 verbose cli   '/Users/dennissmuda/.node_modules_global/bin/npm',
1 verbose cli   'start' ]
2 info using npm@3.5.2
3 info using node@v4.1.1
4 verbose run-script [ 'prestart', 'start', 'poststart' ]
5 info lifecycle VOLLboilerplate@0.0.0~prestart: VOLLboilerplate@0.0.0
6 silly lifecycle VOLLboilerplate@0.0.0~prestart: no script for prestart, continuing
7 info lifecycle VOLLboilerplate@0.0.0~start: VOLLboilerplate@0.0.0
8 verbose lifecycle VOLLboilerplate@0.0.0~start: unsafe-perm in lifecycle true
9 verbose lifecycle VOLLboilerplate@0.0.0~start: PATH: /Users/dennissmuda/.node_modules_global/lib/node_modules/npm/bin/node-gyp-bin:/Users/dennissmuda/Sites/dev-tests/react/VOLL/node_modules/.bin:/Users/dennissmuda/.rbenv/shims:/Users/dennissmuda/.rbenv/bin:/Users/dennissmuda/.node_modules_global/bin:/usr/local/bin:/usr/local/Cellar/php54/5.4.45_3/bin:/usr/local/mysql/bin:/usr/local/bin:/usr/bin:/bin:/usr/sbin:/sbin:/opt/X11/bin
10 verbose lifecycle VOLLboilerplate@0.0.0~start: CWD: /Users/dennissmuda/Sites/dev-tests/react/VOLL
11 silly lifecycle VOLLboilerplate@0.0.0~start: Args: [ '-c',
11 silly lifecycle   'webpack-dev-server --progress --colors --watch --inline --content-base . --history-api-fallback' ]
12 silly lifecycle VOLLboilerplate@0.0.0~start: Returned: code: 1  signal: null
13 info lifecycle VOLLboilerplate@0.0.0~start: Failed to exec start script
14 verbose stack Error: VOLLboilerplate@0.0.0 start: `webpack-dev-server --progress --colors --watch --inline --content-base . --history-api-fallback`
14 verbose stack Exit status 1
14 verbose stack     at EventEmitter.<anonymous> (/Users/dennissmuda/.node_modules_global/lib/node_modules/npm/lib/utils/lifecycle.js:232:16)
14 verbose stack     at emitTwo (events.js:87:13)
14 verbose stack     at EventEmitter.emit (events.js:172:7)
14 verbose stack     at ChildProcess.<anonymous> (/Users/dennissmuda/.node_modules_global/lib/node_modules/npm/lib/utils/spawn.js:24:14)
14 verbose stack     at emitTwo (events.js:87:13)
14 verbose stack     at ChildProcess.emit (events.js:172:7)
14 verbose stack     at maybeClose (internal/child_process.js:817:16)
14 verbose stack     at Process.ChildProcess._handle.onexit (internal/child_process.js:211:5)
15 verbose pkgid VOLLboilerplate@0.0.0
16 verbose cwd /Users/dennissmuda/Sites/dev-tests/react/VOLL
17 error Darwin 15.3.0
18 error argv "/usr/local/bin/node" "/Users/dennissmuda/.node_modules_global/bin/npm" "start"
19 error node v4.1.1
20 error npm  v3.5.2
21 error code ELIFECYCLE
22 error VOLLboilerplate@0.0.0 start: `webpack-dev-server --progress --colors --watch --inline --content-base . --history-api-fallback`
22 error Exit status 1
23 error Failed at the VOLLboilerplate@0.0.0 start script 'webpack-dev-server --progress --colors --watch --inline --content-base . --history-api-fallback'.
23 error Make sure you have the latest version of node.js and npm installed.
23 error If you do, this is most likely a problem with the VOLLboilerplate package,
23 error not with npm itself.
23 error Tell the author that this fails on your system:
23 error     webpack-dev-server --progress --colors --watch --inline --content-base . --history-api-fallback
23 error You can get information on how to open an issue for this project with:
23 error     npm bugs VOLLboilerplate
23 error Or if that isn't available, you can get their info via:
23 error     npm owner ls VOLLboilerplate
23 error There is likely additional logging output above.
24 verbose exit [ 1, true ]
